c:\users\djcas\source\repos\sproutfall\sproutfall\release\vc143.pdb
c:\users\djcas\source\repos\sproutfall\sproutfall\release\squid.obj
c:\users\djcas\source\repos\sproutfall\sproutfall\release\shellmanager.obj
c:\users\djcas\source\repos\sproutfall\sproutfall\release\shell.obj
c:\users\djcas\source\repos\sproutfall\sproutfall\release\scenemanager.obj
c:\users\djcas\source\repos\sproutfall\sproutfall\release\scene.obj
c:\users\djcas\source\repos\sproutfall\sproutfall\release\player.obj
c:\users\djcas\source\repos\sproutfall\sproutfall\release\entity.obj
c:\users\djcas\source\repos\sproutfall\sproutfall\release\enemymanager.obj
c:\users\djcas\source\repos\sproutfall\sproutfall\release\enemy.obj
c:\users\djcas\source\repos\sproutfall\sproutfall\release\bulletmanager.obj
c:\users\djcas\source\repos\sproutfall\sproutfall\release\bullet.obj
c:\users\djcas\source\repos\sproutfall\sproutfall\release\backgroundlayer.obj
c:\users\djcas\source\repos\sproutfall\sproutfall\release\asteroid.obj
c:\users\djcas\source\repos\sproutfall\sproutfall\release\animationmanager.obj
c:\users\djcas\source\repos\sproutfall\sproutfall\release\animation.obj
c:\users\djcas\source\repos\sproutfall\sproutfall\release\shotgun.obj
c:\users\djcas\source\repos\sproutfall\sproutfall\release\game.obj
c:\users\djcas\source\repos\sproutfall\release\sproutfall.exe
c:\users\djcas\source\repos\sproutfall\sproutfall\release\sproutfall.ipdb
c:\users\djcas\source\repos\sproutfall\sproutfall\release\sproutfall.iobj
c:\users\djcas\source\repos\sproutfall\release\sproutfall.pdb
c:\users\djcas\source\repos\sproutfall\sproutfall\release\reticle.obj
c:\users\djcas\source\repos\sproutfall\sproutfall\release\sproutfall.tlog\cl.command.1.tlog
c:\users\djcas\source\repos\sproutfall\sproutfall\release\sproutfall.tlog\cl.items.tlog
c:\users\djcas\source\repos\sproutfall\sproutfall\release\sproutfall.tlog\cl.read.1.tlog
c:\users\djcas\source\repos\sproutfall\sproutfall\release\sproutfall.tlog\cl.write.1.tlog
c:\users\djcas\source\repos\sproutfall\sproutfall\release\sproutfall.tlog\link.command.1.tlog
c:\users\djcas\source\repos\sproutfall\sproutfall\release\sproutfall.tlog\link.read.1.tlog
c:\users\djcas\source\repos\sproutfall\sproutfall\release\sproutfall.tlog\link.write.1.tlog
