c:\users\djcas\source\repos\sproutfall\sproutfall\debug\animation.obj
c:\users\djcas\source\repos\sproutfall\sproutfall\debug\animationmanager.obj
c:\users\djcas\source\repos\sproutfall\sproutfall\debug\asteroid.obj
c:\users\djcas\source\repos\sproutfall\sproutfall\debug\backgroundelement.obj
c:\users\djcas\source\repos\sproutfall\sproutfall\debug\backgroundlayer.obj
c:\users\djcas\source\repos\sproutfall\sproutfall\debug\badcloud.obj
c:\users\djcas\source\repos\sproutfall\sproutfall\debug\bird.obj
c:\users\djcas\source\repos\sproutfall\sproutfall\debug\bullet.obj
c:\users\djcas\source\repos\sproutfall\sproutfall\debug\bulletmanager.obj
c:\users\djcas\source\repos\sproutfall\sproutfall\debug\enemy.obj
c:\users\djcas\source\repos\sproutfall\sproutfall\debug\enemymanager.obj
c:\users\djcas\source\repos\sproutfall\sproutfall\debug\entity.obj
c:\users\djcas\source\repos\sproutfall\sproutfall\debug\player.obj
c:\users\djcas\source\repos\sproutfall\sproutfall\debug\scenemanager.obj
c:\users\djcas\source\repos\sproutfall\sproutfall\debug\shell.obj
c:\users\djcas\source\repos\sproutfall\sproutfall\debug\shellmanager.obj
c:\users\djcas\source\repos\sproutfall\sproutfall\debug\shotgun.obj
c:\users\djcas\source\repos\sproutfall\sproutfall\debug\squid.obj
c:\users\djcas\source\repos\sproutfall\sproutfall\debug\vc143.idb
c:\users\djcas\source\repos\sproutfall\sproutfall\debug\vc143.pdb
c:\users\djcas\source\repos\sproutfall\sproutfall\debug\sproutfall.tlog\cl.command.1.tlog
